[2025-08-22T14:05:11.689Z] ✅ Welib scraper initialized successfully
[2025-08-22T14:05:11.690Z] 🎯 Starting single book scrape...
[2025-08-22T14:05:11.691Z] 🔗 Navigating to welib.org...
[2025-08-22T14:05:16.100Z] ⏳ Waiting 7190ms...
[2025-08-22T14:05:23.296Z] ✅ Successfully loaded welib.org
[2025-08-22T14:05:23.297Z] 🔍 Looking for book titles...
[2025-08-22T14:05:23.342Z] 📚 Found 10 book titles
[2025-08-22T14:05:23.343Z] 📖 Clicking book: Atomic Habits: The life-changing million copy best...
[2025-08-22T14:05:23.344Z] ⏳ Waiting 2333ms...
[2025-08-22T14:05:25.679Z] 🎯 About to click: book title
[2025-08-22T14:05:25.685Z] ⏳ Waiting 1014ms...
[2025-08-22T14:05:26.785Z] ⏳ Waiting 307ms...
[2025-08-22T14:05:27.116Z] ⏳ Waiting 764ms...
[2025-08-22T14:05:27.952Z] ✅ Clicked: book title
[2025-08-22T14:05:30.607Z] ⏳ Waiting 4398ms...
[2025-08-22T14:05:35.007Z] 🔽 Looking for download button...
[2025-08-22T14:05:35.028Z] 🎯 About to click: download button
[2025-08-22T14:05:35.032Z] ⏳ Waiting 1035ms...
[2025-08-22T14:05:36.151Z] ⏳ Waiting 295ms...
[2025-08-22T14:05:36.485Z] ⏳ Waiting 664ms...
[2025-08-22T14:05:37.174Z] ✅ Clicked: download button
[2025-08-22T14:05:37.175Z] ⏳ Waiting 5569ms...
[2025-08-22T14:05:42.746Z] ⏰ Waiting for download countdown...
[2025-08-22T14:05:42.772Z] ⏳ Download countdown: 295 seconds
[2025-08-22T14:05:42.773Z] ⏳ Waiting 14160ms...
[2025-08-22T14:05:56.939Z] ⏳ Still waiting: 280 seconds remaining
[2025-08-22T14:05:56.941Z] ⏳ Waiting 12231ms...
[2025-08-22T14:06:09.193Z] ⏳ Still waiting: 268 seconds remaining
[2025-08-22T14:06:09.236Z] ⏳ Waiting 12882ms...
[2025-08-22T14:06:22.129Z] ⏳ Still waiting: 255 seconds remaining
[2025-08-22T14:06:22.131Z] ⏳ Waiting 12620ms...
[2025-08-22T14:06:34.759Z] ⏳ Still waiting: 243 seconds remaining
[2025-08-22T14:06:34.759Z] ⏳ Waiting 13081ms...
[2025-08-22T14:06:47.858Z] ⏳ Still waiting: 230 seconds remaining
[2025-08-22T14:06:47.907Z] ⏳ Waiting 11078ms...
[2025-08-22T14:06:58.994Z] ⏳ Still waiting: 218 seconds remaining
[2025-08-22T14:06:59.037Z] ⏳ Waiting 12455ms...
[2025-08-22T14:10:54.946Z] ✅ Welib scraper initialized successfully
[2025-08-22T14:10:54.948Z] 🎯 Starting scrape of up to 2 books...
[2025-08-22T14:10:54.948Z] 📚 === BOOK 1/2 ===
[2025-08-22T14:10:54.948Z] 🎯 Starting single book scrape...
[2025-08-22T14:10:54.948Z] 🔗 Navigating to welib.org...
[2025-08-22T14:10:58.902Z] ⏳ Waiting 9318ms...
[2025-08-22T14:11:08.223Z] ✅ Successfully loaded welib.org
[2025-08-22T14:11:08.224Z] 🔍 Looking for book titles...
[2025-08-22T14:11:08.224Z] 📜 Scrolling to discover more books...
[2025-08-22T14:11:08.227Z] ⏳ Waiting 2850ms...
[2025-08-22T14:11:11.080Z] ⏳ Waiting 3929ms...
[2025-08-22T14:11:15.013Z] ⏳ Waiting 1179ms...
[2025-08-22T14:11:16.194Z] ✅ Scrolling complete, books should be loaded
[2025-08-22T14:11:16.208Z] 📚 Found 10 book titles
[2025-08-22T14:11:16.209Z] 📖 Book 1: Atomic Habits: The life-changing million copy best...
[2025-08-22T14:11:16.209Z] 📖 Book 2: The Psychology of Money: Timeless lessons on wealt...
[2025-08-22T14:11:16.209Z] 📖 Book 3: How to Talk to Anyone : 92 Little Tricks for Big S...
[2025-08-22T14:11:16.209Z] 📖 Selected book 1/10: Atomic Habits: The life-changing million copy best...
[2025-08-22T14:11:19.307Z] ⏳ Waiting 4465ms...
[2025-08-22T14:11:23.776Z] 🔽 Looking for download servers...
[2025-08-22T14:11:23.825Z] 🌐 Found 8 download servers
[2025-08-22T14:11:23.825Z] 🌐 Trying Server #2...
[2025-08-22T14:11:23.826Z] 🎯 About to click: Server #2 download
[2025-08-22T14:11:23.828Z] ⏳ Waiting 1082ms...
[2025-08-22T14:11:25.003Z] ⏳ Waiting 312ms...
[2025-08-22T14:11:25.351Z] ⏳ Waiting 526ms...
[2025-08-22T14:11:25.957Z] ✅ Clicked: Server #2 download
[2025-08-22T14:11:25.957Z] ⏳ Waiting 5235ms...
[2025-08-22T14:11:31.193Z] ✅ Using Server #2 for download
[2025-08-22T14:11:31.195Z] ⏰ Waiting for download countdown...
[2025-08-22T14:11:31.209Z] ⏳ Download countdown: 299 seconds
[2025-08-22T14:11:31.210Z] ⏳ Waiting 11996ms...
[2025-08-22T14:11:43.214Z] ⏳ Still waiting: 286 seconds remaining
[2025-08-22T14:11:43.215Z] ⏳ Waiting 14533ms...
[2025-08-22T14:11:57.758Z] ⏳ Still waiting: 272 seconds remaining
[2025-08-22T14:11:57.761Z] ⏳ Waiting 10134ms...
[2025-08-22T14:12:07.901Z] ⏳ Still waiting: 262 seconds remaining
[2025-08-22T14:12:07.903Z] ⏳ Waiting 10260ms...
[2025-08-22T14:12:18.173Z] ⏳ Still waiting: 251 seconds remaining
[2025-08-22T14:12:18.174Z] ⏳ Waiting 10348ms...
[2025-08-22T14:12:28.549Z] ⏳ Still waiting: 241 seconds remaining
[2025-08-22T14:12:28.551Z] ⏳ Waiting 12462ms...
[2025-08-22T14:12:41.023Z] ⏳ Still waiting: 229 seconds remaining
[2025-08-22T14:12:41.024Z] ⏳ Waiting 13105ms...
[2025-08-22T14:12:54.144Z] ⏳ Still waiting: 215 seconds remaining
[2025-08-22T14:12:54.147Z] ⏳ Waiting 10181ms...
[2025-08-22T14:13:04.352Z] ⏳ Still waiting: 205 seconds remaining
[2025-08-22T14:13:04.353Z] ⏳ Waiting 12442ms...
[2025-08-22T14:13:16.799Z] ⏳ Still waiting: 193 seconds remaining
[2025-08-22T14:13:16.801Z] ⏳ Waiting 11251ms...
[2025-08-22T14:13:28.063Z] ⏳ Still waiting: 182 seconds remaining
[2025-08-22T14:13:28.070Z] ⏳ Waiting 14873ms...
[2025-08-22T14:13:42.951Z] ⏳ Still waiting: 167 seconds remaining
[2025-08-22T14:13:42.954Z] ⏳ Waiting 10403ms...
[2025-08-22T14:13:53.371Z] ⏳ Still waiting: 156 seconds remaining
[2025-08-22T14:13:53.375Z] ⏳ Waiting 14146ms...
[2025-08-22T14:14:07.530Z] ⏳ Still waiting: 142 seconds remaining
[2025-08-22T14:14:07.533Z] ⏳ Waiting 10304ms...
[2025-08-22T14:14:17.843Z] ⏳ Still waiting: 132 seconds remaining
[2025-08-22T14:14:17.844Z] ⏳ Waiting 10714ms...
[2025-08-22T14:14:28.563Z] ⏳ Still waiting: 121 seconds remaining
[2025-08-22T14:14:28.565Z] ⏳ Waiting 13834ms...
[2025-08-22T14:14:42.411Z] ⏳ Still waiting: 107 seconds remaining
[2025-08-22T14:14:42.412Z] ⏳ Waiting 12519ms...
[2025-08-22T14:14:54.935Z] ⏳ Still waiting: 95 seconds remaining
[2025-08-22T14:14:54.937Z] ⏳ Waiting 11148ms...
[2025-08-22T14:15:06.093Z] ⏳ Still waiting: 84 seconds remaining
[2025-08-22T14:15:06.095Z] ⏳ Waiting 12502ms...
[2025-08-22T14:15:18.601Z] ⏳ Still waiting: 71 seconds remaining
[2025-08-22T14:15:18.602Z] ⏳ Waiting 14825ms...
[2025-08-22T14:15:33.432Z] ⏳ Still waiting: 56 seconds remaining
[2025-08-22T14:15:33.433Z] ⏳ Waiting 13861ms...
[2025-08-22T14:15:47.308Z] ⏳ Still waiting: 42 seconds remaining
[2025-08-22T14:15:47.310Z] ⏳ Waiting 14334ms...
[2025-08-22T14:16:01.653Z] ⏳ Still waiting: 28 seconds remaining
[2025-08-22T14:16:01.656Z] ⏳ Waiting 10041ms...
[2025-08-22T14:16:11.719Z] ⏳ Still waiting: 18 seconds remaining
[2025-08-22T14:16:11.720Z] ⏳ Waiting 13906ms...
[2025-08-22T14:16:25.629Z] ⏳ Still waiting: 4 seconds remaining
[2025-08-22T14:16:25.633Z] ⏳ Waiting 12496ms...
[2025-08-22T14:16:38.135Z] ✅ Countdown completed!
[2025-08-22T14:16:38.137Z] ⏳ Waiting 2161ms...
[2025-08-22T14:16:40.301Z] 📥 Looking for final download link...
[2025-08-22T14:16:40.364Z] 🎯 Found download link: https://s2.welib-public.org/hs6/libgenrs_nonfictio...
[2025-08-22T14:16:40.364Z] 🎯 About to click: final download link
[2025-08-22T14:16:40.368Z] ⏳ Waiting 1288ms...
[2025-08-22T14:16:41.684Z] ⏳ Waiting 465ms...
[2025-08-22T14:16:42.169Z] ⏳ Waiting 430ms...
[2025-08-22T14:16:42.681Z] ✅ Clicked: final download link
[2025-08-22T14:16:42.683Z] ⏳ Waiting 5314ms...
[2025-08-22T14:16:48.000Z] ✅ Book 1 completed successfully
[2025-08-22T14:16:48.004Z] ⏳ Waiting between books...
[2025-08-22T14:16:48.005Z] ⏳ Waiting 40711ms...
[2025-08-22T14:17:32.967Z] ⏳ Waiting 8153ms...
[2025-08-22T14:17:41.125Z] 📚 === BOOK 2/2 ===
[2025-08-22T14:17:41.127Z] 🎯 Starting single book scrape...
[2025-08-22T14:17:41.128Z] 🔗 Navigating to welib.org...
[2025-08-22T14:17:42.901Z] ⏳ Waiting 9890ms...
[2025-08-22T14:24:33.142Z] 📚 No previous download history found - starting fresh
[2025-08-22T14:24:35.051Z] ✅ Welib scraper initialized successfully
[2025-08-22T14:24:35.052Z] 🎯 Starting scrape of up to 2 books...
[2025-08-22T14:24:35.052Z] 📚 === BOOK 1/2 ===
[2025-08-22T14:24:35.052Z] 🎯 Starting single book scrape...
[2025-08-22T14:24:35.053Z] 🔗 Navigating to welib.org...
[2025-08-22T14:24:38.137Z] ⏳ Waiting 6098ms...
[2025-08-22T14:24:44.237Z] ✅ Successfully loaded welib.org
[2025-08-22T14:24:44.238Z] 🔍 Looking for book titles...
[2025-08-22T14:24:44.238Z] 📜 Scrolling to discover more books...
[2025-08-22T14:24:44.250Z] ⏳ Waiting 3951ms...
[2025-08-22T14:24:48.209Z] ⏳ Waiting 3663ms...
[2025-08-22T14:24:51.876Z] ⏳ Waiting 1496ms...
[2025-08-22T14:24:53.375Z] ✅ Scrolling complete, books should be loaded
[2025-08-22T14:24:53.408Z] 📚 Found 10 book titles
[2025-08-22T14:24:53.409Z] 📖 Book 1: Atomic Habits: The life-changing million copy best...
[2025-08-22T14:24:53.409Z] 📖 Book 2: The Psychology of Money: Timeless lessons on wealt...
[2025-08-22T14:24:53.409Z] 📖 Book 3: How to Talk to Anyone : 92 Little Tricks for Big S...
[2025-08-22T14:24:53.409Z] 📖 Selected new book: Dark Psychology (3 Books in 1) Manipulation and Da...
[2025-08-22T14:24:57.171Z] ⏳ Waiting 5582ms...
[2025-08-22T14:25:02.758Z] 🔽 Looking for download servers...
[2025-08-22T14:25:02.805Z] 🌐 Found 7 download servers
[2025-08-22T14:25:02.806Z] 🌐 Trying Server #2...
[2025-08-22T14:25:02.806Z] 🎯 About to click: Server #2 download
[2025-08-22T14:25:02.808Z] ⏳ Waiting 1677ms...
[2025-08-22T14:25:04.572Z] ⏳ Waiting 310ms...
[2025-08-22T14:25:04.921Z] ⏳ Waiting 506ms...
[2025-08-22T14:25:05.451Z] ✅ Clicked: Server #2 download
[2025-08-22T14:25:05.451Z] ⏳ Waiting 3829ms...
[2025-08-22T14:25:09.283Z] ✅ Using Server #2 for download
[2025-08-22T14:25:09.286Z] ⏰ Waiting for download countdown...
[2025-08-22T14:25:09.325Z] ⏳ Download countdown: 297 seconds
[2025-08-22T14:25:09.326Z] ⏳ Waiting 13610ms...
[2025-08-22T14:25:22.961Z] ⏳ Still waiting: 283 seconds remaining
[2025-08-22T14:25:22.963Z] ⏳ Waiting 11212ms...
[2025-08-22T14:25:34.179Z] ⏳ Still waiting: 272 seconds remaining
[2025-08-22T14:25:34.180Z] ⏳ Waiting 14921ms...
[2025-08-22T14:25:49.117Z] ⏳ Still waiting: 257 seconds remaining
[2025-08-22T14:25:49.120Z] ⏳ Waiting 12073ms...
[2025-08-22T14:26:01.199Z] ⏳ Still waiting: 245 seconds remaining
[2025-08-22T14:26:01.257Z] ⏳ Waiting 14976ms...
[2025-08-22T14:26:16.244Z] ⏳ Still waiting: 230 seconds remaining
[2025-08-22T14:26:16.245Z] ⏳ Waiting 13758ms...
[2025-08-22T14:26:30.010Z] ⏳ Still waiting: 216 seconds remaining
[2025-08-22T14:26:30.011Z] ⏳ Waiting 13132ms...
[2025-08-22T14:26:43.151Z] ⏳ Still waiting: 203 seconds remaining
[2025-08-22T14:26:43.152Z] ⏳ Waiting 12097ms...
[2025-08-22T14:26:55.255Z] ⏳ Still waiting: 191 seconds remaining
[2025-08-22T14:26:55.257Z] ⏳ Waiting 11400ms...
[2025-08-22T14:27:06.666Z] ⏳ Still waiting: 179 seconds remaining
[2025-08-22T14:27:06.667Z] ⏳ Waiting 12222ms...
[2025-08-22T14:27:18.918Z] ⏳ Still waiting: 167 seconds remaining
[2025-08-22T14:27:18.920Z] ⏳ Waiting 13084ms...
[2025-08-22T14:27:32.018Z] ⏳ Still waiting: 154 seconds remaining
[2025-08-22T14:27:32.059Z] ⏳ Waiting 11351ms...
[2025-08-22T14:27:43.430Z] ⏳ Still waiting: 143 seconds remaining
[2025-08-22T14:27:43.477Z] ⏳ Waiting 13459ms...
[2025-08-22T14:27:56.943Z] ⏳ Still waiting: 129 seconds remaining
[2025-08-22T14:27:56.943Z] ⏳ Waiting 12116ms...
[2025-08-22T14:28:09.066Z] ⏳ Still waiting: 117 seconds remaining
[2025-08-22T14:28:09.067Z] ⏳ Waiting 12332ms...
[2025-08-22T14:28:21.408Z] ⏳ Still waiting: 105 seconds remaining
[2025-08-22T14:28:21.445Z] ⏳ Waiting 13749ms...
[2025-08-22T14:28:35.199Z] ⏳ Still waiting: 91 seconds remaining
[2025-08-22T14:28:35.199Z] ⏳ Waiting 10685ms...
[2025-08-22T14:28:45.893Z] ⏳ Still waiting: 80 seconds remaining
[2025-08-22T14:28:45.895Z] ⏳ Waiting 10667ms...
[2025-08-22T14:28:56.569Z] ⏳ Still waiting: 70 seconds remaining
[2025-08-22T14:28:56.570Z] ⏳ Waiting 12838ms...
[2025-08-22T14:29:09.418Z] ⏳ Still waiting: 57 seconds remaining
[2025-08-22T14:29:09.421Z] ⏳ Waiting 13990ms...
[2025-08-22T14:29:23.420Z] ⏳ Still waiting: 43 seconds remaining
[2025-08-22T14:29:23.497Z] ⏳ Waiting 13610ms...
[2025-08-22T14:29:37.116Z] ⏳ Still waiting: 29 seconds remaining
[2025-08-22T14:29:37.118Z] ⏳ Waiting 14611ms...
[2025-08-22T14:29:51.738Z] ⏳ Still waiting: 14 seconds remaining
[2025-08-22T14:29:51.740Z] ⏳ Waiting 12795ms...
[2025-08-22T14:30:04.539Z] ⏳ Still waiting: 2 seconds remaining
[2025-08-22T14:30:04.582Z] ⏳ Waiting 11579ms...
[2025-08-22T14:30:16.186Z] ✅ Countdown completed!
[2025-08-22T14:30:16.187Z] ⏳ Waiting 3647ms...
[2025-08-22T14:30:19.838Z] 📥 Looking for final download link...
[2025-08-22T14:30:19.873Z] 🎯 Found download link: https://s2.welib-public.org/s2/zlib1/pilimi-zlib-5...
[2025-08-22T14:30:19.873Z] ⚠️ Could not set download path, will handle dialog manually
[2025-08-22T14:30:19.874Z] 🎯 About to click: final download link
[2025-08-22T14:30:19.875Z] ⏳ Waiting 1123ms...
[2025-08-22T14:30:21.152Z] ⏳ Waiting 477ms...
[2025-08-22T14:30:21.667Z] ⏳ Waiting 758ms...
[2025-08-22T14:30:22.488Z] ✅ Clicked: final download link
[2025-08-22T14:30:22.488Z] ⏳ Waiting for download dialog...
[2025-08-22T14:30:22.488Z] ⏳ Waiting 3888ms...
[2025-08-22T14:30:26.378Z] 🍎 Attempting to handle macOS download dialog...
[2025-08-22T14:30:26.379Z] ⏳ Waiting 2350ms...
[2025-08-22T14:30:28.731Z] ⌨️ Trying Enter key...
[2025-08-22T14:30:28.804Z] ⏳ Waiting 1246ms...
[2025-08-22T14:30:30.050Z] ⌨️ Trying Return key...
[2025-08-22T14:30:30.052Z] ❌ Error handling download dialog: Unknown key: "Return"
[2025-08-22T14:30:30.052Z] ⏳ Waiting 9070ms...
[2025-08-22T14:30:39.125Z] ✅ Marked as downloaded: Dark Psychology (3 Books in 1) Manipulation and Dark Psychology; Persuasion and Dark Psychology; Dark NLP
[2025-08-22T14:30:39.131Z] 💾 Saved download history: 1 books
[2025-08-22T14:30:39.131Z] ✅ Book 1 completed successfully
[2025-08-22T14:30:39.131Z] ⏳ Waiting between books...
[2025-08-22T14:30:39.131Z] ⏳ Waiting 57207ms...
[2025-08-22T14:31:39.499Z] ⏳ Waiting 7801ms...
[2025-08-22T14:31:47.314Z] 📚 === BOOK 2/2 ===
[2025-08-22T14:31:47.317Z] 🎯 Starting single book scrape...
[2025-08-22T14:31:47.317Z] 🔗 Navigating to welib.org...
[2025-08-22T14:31:49.010Z] ⏳ Waiting 6909ms...
[2025-08-22T14:31:55.924Z] ✅ Successfully loaded welib.org
[2025-08-22T14:31:55.925Z] 🔍 Looking for book titles...
[2025-08-22T14:31:55.926Z] 📜 Scrolling to discover more books...
[2025-08-22T14:31:55.938Z] ⏳ Waiting 2022ms...
[2025-08-22T14:31:57.975Z] ⏳ Waiting 3087ms...
[2025-08-22T14:32:01.066Z] ⏳ Waiting 1285ms...
[2025-08-22T14:32:02.353Z] ✅ Scrolling complete, books should be loaded
[2025-08-22T14:32:02.366Z] 📚 Found 10 book titles
[2025-08-22T14:32:02.366Z] 📖 Book 1: Atomic Habits: The life-changing million copy best...
[2025-08-22T14:32:02.366Z] 📖 Book 2: The Psychology of Money: Timeless lessons on wealt...
[2025-08-22T14:32:02.366Z] 📖 Book 3: How to Talk to Anyone : 92 Little Tricks for Big S...
[2025-08-22T14:32:02.367Z] 📖 Selected new book: Thinking, Fast and Slow...
[2025-08-22T14:32:07.771Z] ⏳ Waiting 3131ms...
[2025-08-22T14:32:10.903Z] 🔽 Looking for download servers...
[2025-08-22T14:32:10.936Z] 🌐 Found 7 download servers
[2025-08-22T14:32:10.937Z] 🌐 Trying Server #2...
[2025-08-22T14:32:10.937Z] 🎯 About to click: Server #2 download
[2025-08-22T14:32:10.942Z] ⏳ Waiting 1261ms...
[2025-08-22T14:32:12.360Z] ⏳ Waiting 398ms...
[2025-08-22T14:32:12.789Z] ⏳ Waiting 624ms...
[2025-08-22T14:32:13.452Z] ✅ Clicked: Server #2 download
[2025-08-22T14:32:13.453Z] ⏳ Waiting 3873ms...
[2025-08-22T14:32:17.334Z] ✅ Using Server #2 for download
[2025-08-22T14:32:17.338Z] ⏰ Waiting for download countdown...
[2025-08-22T14:32:17.790Z] ❌ Error during countdown: Protocol error (DOM.describeNode): Cannot find context with specified id
[2025-08-22T14:32:17.791Z] ❌ Book 2 failed
[2025-08-22T14:37:09.013Z] 📚 Loaded 1 previously downloaded books
[2025-08-22T14:37:10.278Z] ⚠️ Could not setup download handling: this.page._client.send is not a function
[2025-08-22T14:37:10.278Z] ✅ Welib scraper initialized successfully
[2025-08-22T14:37:10.279Z] 🎯 Starting scrape of up to 2 books...
[2025-08-22T14:37:10.279Z] 📚 === BOOK 1/2 ===
[2025-08-22T14:37:10.279Z] 🛡️ Checking for Brave popups...
[2025-08-22T14:37:10.317Z] 🎯 Starting single book scrape...
[2025-08-22T14:37:10.318Z] 🔗 Navigating to welib.org...
[2025-08-22T14:37:15.009Z] ⏳ Waiting 7319ms...
[2025-08-22T14:37:22.330Z] ✅ Successfully loaded welib.org
[2025-08-22T14:37:22.332Z] 🔍 Looking for book titles...
[2025-08-22T14:37:22.333Z] 📜 Scrolling to discover more books...
[2025-08-22T14:37:22.342Z] ⏳ Waiting 3429ms...
[2025-08-22T14:37:25.780Z] ⏳ Waiting 4522ms...
[2025-08-22T14:37:30.306Z] 📚 Checking for "Load More" button...
[2025-08-22T14:37:30.338Z] 🔽 Found "Load More" button - clicking to get more books
[2025-08-22T14:37:30.339Z] 🎯 About to click: Load More button
[2025-08-22T14:37:30.342Z] ⏳ Waiting 1085ms...
[2025-08-22T14:37:31.519Z] ⏳ Waiting 274ms...
[2025-08-22T14:37:31.820Z] ⏳ Waiting 436ms...
[2025-08-22T14:37:32.286Z] ✅ Clicked: Load More button
[2025-08-22T14:37:32.287Z] ⏳ Waiting 6525ms...
[2025-08-22T14:37:38.814Z] ✅ More books should be loaded now
[2025-08-22T14:37:38.817Z] ⏳ Waiting 2550ms...
[2025-08-22T14:37:41.371Z] ⏳ Waiting 1087ms...
[2025-08-22T14:37:42.460Z] ✅ Scrolling complete, books should be loaded
[2025-08-22T14:37:42.471Z] 📚 Found 20 book titles
[2025-08-22T14:37:42.471Z] 📖 Book 1: Atomic Habits: The life-changing million copy best...
[2025-08-22T14:37:42.471Z] 📖 Book 2: The Psychology of Money: Timeless lessons on wealt...
[2025-08-22T14:37:42.472Z] 📖 Book 3: How to Talk to Anyone : 92 Little Tricks for Big S...
[2025-08-22T14:37:42.472Z] 📖 Selected new book: The Laws of Power...
[2025-08-22T14:37:45.347Z] ⏳ Waiting 4611ms...
[2025-08-22T14:37:49.961Z] 🔽 Looking for download servers...
[2025-08-22T14:37:50.005Z] 🌐 Found 8 download servers
[2025-08-22T14:37:50.006Z] 🌐 Trying Server #2...
[2025-08-22T14:37:50.006Z] 🎯 About to click: Server #2 download
[2025-08-22T14:37:50.009Z] ⏳ Waiting 1586ms...
[2025-08-22T14:37:51.676Z] ⏳ Waiting 339ms...
[2025-08-22T14:37:52.055Z] ⏳ Waiting 679ms...
[2025-08-22T14:37:52.823Z] ✅ Clicked: Server #2 download
[2025-08-22T14:37:52.823Z] ⏳ Waiting 3425ms...
[2025-08-22T14:37:56.250Z] ✅ Using Server #2 for download
[2025-08-22T14:37:56.252Z] ⏰ Waiting for download countdown...
[2025-08-22T14:37:57.640Z] ❌ Error during countdown: Protocol error (DOM.describeNode): Cannot find context with specified id
[2025-08-22T14:37:57.641Z] ❌ Book 1 failed
[2025-08-22T14:37:57.641Z] 🛡️ Checking for Brave popups...
[2025-08-22T14:37:57.661Z] ⏳ Waiting between books...
[2025-08-22T14:37:57.661Z] ⏳ Waiting 45152ms...
[2025-08-22T14:38:44.941Z] ⏳ Waiting 5209ms...
[2025-08-22T14:38:50.167Z] 🛡️ Checking for Brave popups...
[2025-08-22T14:38:50.206Z] 🎯 Found Brave popup: [role="dialog"]
[2025-08-22T14:38:50.224Z] 📚 === BOOK 2/2 ===
[2025-08-22T14:38:50.224Z] 🛡️ Checking for Brave popups...
[2025-08-22T14:38:50.230Z] 🎯 Found Brave popup: [role="dialog"]
[2025-08-22T14:38:50.241Z] 🎯 Starting single book scrape...
[2025-08-22T14:38:50.241Z] 🔗 Navigating to welib.org...
[2025-08-22T14:38:51.941Z] ⏳ Waiting 7953ms...
[2025-08-22T14:38:59.908Z] ✅ Successfully loaded welib.org
[2025-08-22T14:38:59.913Z] 🔍 Looking for book titles...
[2025-08-22T14:38:59.913Z] 📜 Scrolling to discover more books...
[2025-08-22T14:38:59.920Z] ⏳ Waiting 2669ms...
[2025-08-22T14:39:02.594Z] ⏳ Waiting 4481ms...
[2025-08-22T14:39:07.077Z] 📚 Checking for "Load More" button...
[2025-08-22T14:39:07.100Z] 🔽 Found "Load More" button - clicking to get more books
[2025-08-22T14:39:07.101Z] 🎯 About to click: Load More button
[2025-08-22T14:39:07.103Z] ⏳ Waiting 1090ms...
[2025-08-22T14:39:08.284Z] ⏳ Waiting 407ms...
[2025-08-22T14:39:08.725Z] ⏳ Waiting 356ms...
[2025-08-22T14:39:09.103Z] ✅ Clicked: Load More button
[2025-08-22T14:39:09.104Z] ⏳ Waiting 7917ms...
[2025-08-22T14:39:17.022Z] ✅ More books should be loaded now
[2025-08-22T14:39:17.026Z] ⏳ Waiting 3167ms...
[2025-08-22T14:39:20.217Z] ⏳ Waiting 1782ms...
[2025-08-22T14:39:22.002Z] ✅ Scrolling complete, books should be loaded
[2025-08-22T14:39:22.018Z] 📚 Found 20 book titles
[2025-08-22T14:39:22.019Z] 📖 Book 1: Atomic Habits: The life-changing million copy best...
[2025-08-22T14:39:22.019Z] 📖 Book 2: The Psychology of Money: Timeless lessons on wealt...
[2025-08-22T14:39:22.019Z] 📖 Book 3: How to Talk to Anyone : 92 Little Tricks for Big S...
[2025-08-22T14:39:22.020Z] 📖 Selected new book: The physics of war : from arrows to atoms...
[2025-08-22T14:39:31.526Z] ⏳ Waiting 4946ms...
[2025-08-22T14:39:36.480Z] 🔽 Looking for download servers...
[2025-08-22T14:39:36.522Z] 🌐 Found 8 download servers
[2025-08-22T14:39:36.522Z] 🌐 Trying Server #2...
[2025-08-22T14:39:36.523Z] 🎯 About to click: Server #2 download
[2025-08-22T14:39:36.529Z] ⏳ Waiting 1336ms...
[2025-08-22T14:39:37.947Z] ⏳ Waiting 201ms...
[2025-08-22T14:39:38.192Z] ⏳ Waiting 679ms...
[2025-08-22T14:39:38.988Z] ✅ Clicked: Server #2 download
[2025-08-22T14:39:38.990Z] ⏳ Waiting 3049ms...
[2025-08-22T14:39:42.047Z] ✅ Using Server #2 for download
[2025-08-22T14:39:42.061Z] ⏰ Waiting for download countdown...
[2025-08-22T14:39:45.075Z] ❌ Error during countdown: Protocol error (DOM.describeNode): Cannot find context with specified id
[2025-08-22T14:39:45.076Z] ❌ Book 2 failed
[2025-08-22T14:39:45.076Z] 🛡️ Checking for Brave popups...
[2025-08-22T14:39:45.223Z] 🔒 Browser closed
[2025-08-22T14:45:50.763Z] 📚 Loaded 1 previously downloaded books
[2025-08-22T14:45:52.234Z] ⚠️ Could not setup download handling: this.page._client.send is not a function
[2025-08-22T14:45:52.234Z] ✅ Welib scraper initialized successfully
[2025-08-22T14:45:52.234Z] 🎯 Starting scrape of up to 2 books...
[2025-08-22T14:45:52.234Z] 📚 === BOOK 1/2 ===
[2025-08-22T14:45:52.234Z] 🛡️ Checking for Brave popups...
[2025-08-22T14:45:52.243Z] 🎯 Starting single book scrape...
[2025-08-22T14:45:52.244Z] 🔗 Navigating to welib.org...
[2025-08-22T14:45:56.514Z] ⏳ Waiting 5821ms...
[2025-08-22T14:46:02.338Z] ✅ Successfully loaded welib.org
[2025-08-22T14:46:02.339Z] 🔍 Looking for book titles...
[2025-08-22T14:46:02.339Z] 📜 Scrolling to discover more books...
[2025-08-22T14:46:02.344Z] ⏳ Waiting 3493ms...
[2025-08-22T14:46:05.854Z] ⏳ Waiting 3544ms...
[2025-08-22T14:46:09.402Z] 📚 Checking for "Load More" button...
[2025-08-22T14:46:09.427Z] 🔽 Found "Load More" button - clicking to get more books
[2025-08-22T14:46:09.428Z] 🎯 About to click: Load More button
[2025-08-22T14:46:09.431Z] ⏳ Waiting 1280ms...
[2025-08-22T14:46:10.795Z] ⏳ Waiting 416ms...
[2025-08-22T14:46:11.245Z] ⏳ Waiting 432ms...
[2025-08-22T14:46:11.704Z] ✅ Clicked: Load More button
[2025-08-22T14:46:11.705Z] ⏳ Waiting 5638ms...
[2025-08-22T14:46:17.344Z] ✅ More books should be loaded now
[2025-08-22T14:46:17.349Z] ⏳ Waiting 3099ms...
[2025-08-22T14:46:20.453Z] ⏳ Waiting 1777ms...
[2025-08-22T14:46:22.232Z] ✅ Scrolling complete, books should be loaded
[2025-08-22T14:46:22.250Z] 📚 Found 20 book titles
[2025-08-22T14:46:22.251Z] 📖 Book 1: Atomic Habits: The life-changing million copy best...
[2025-08-22T14:46:22.251Z] 📖 Book 2: The Psychology of Money: Timeless lessons on wealt...
[2025-08-22T14:46:22.251Z] 📖 Book 3: How to Talk to Anyone : 92 Little Tricks for Big S...
[2025-08-22T14:46:22.252Z] 📖 Selected new book: The Let Them Theory...
[2025-08-22T14:46:30.246Z] ⏳ Waiting 4196ms...
[2025-08-22T14:46:34.453Z] 🔽 Looking for download servers...
[2025-08-22T14:46:34.494Z] 🌐 Found 12 download servers
[2025-08-22T14:46:34.495Z] 🌐 Trying Server #2...
[2025-08-22T14:46:34.495Z] 🎯 About to click: Server #2 download
[2025-08-22T14:46:34.497Z] ⏳ Waiting 1462ms...
[2025-08-22T14:46:36.048Z] ⏳ Waiting 287ms...
[2025-08-22T14:46:36.361Z] ⏳ Waiting 348ms...
[2025-08-22T14:46:36.786Z] ✅ Clicked: Server #2 download
[2025-08-22T14:46:36.786Z] ⏳ Waiting 5715ms...
[2025-08-22T14:46:42.502Z] ✅ Using Server #2 for download
[2025-08-22T14:46:42.504Z] ⏰ Waiting for download countdown...
[2025-08-22T14:46:42.504Z] ⏳ Waiting 4731ms...
[2025-08-22T14:46:47.240Z] ⏳ Found "Please wait" message, looking for countdown...
[2025-08-22T14:46:47.256Z] 📍 Found countdown element: .js-partner-countdown
[2025-08-22T14:46:47.257Z] ⏳ Found countdown: 294 seconds (selector: .js-partner-countdown)
[2025-08-22T14:46:47.258Z] ⏳ Download countdown: 294 seconds
[2025-08-22T14:46:47.258Z] ⏳ Waiting 13818ms...
[2025-08-22T14:47:01.092Z] ⏳ Still waiting: 280 seconds remaining
[2025-08-22T14:47:01.097Z] ⏳ Waiting 14062ms...
[2025-08-22T14:47:15.181Z] ⏳ Still waiting: 266 seconds remaining
[2025-08-22T14:47:15.229Z] ⏳ Waiting 12522ms...
[2025-08-22T14:47:27.770Z] ⏳ Still waiting: 254 seconds remaining
[2025-08-22T14:47:27.771Z] ⏳ Waiting 11675ms...
[2025-08-22T14:47:39.453Z] ⏳ Still waiting: 242 seconds remaining
[2025-08-22T14:47:39.455Z] ⏳ Waiting 14873ms...
[2025-08-22T14:47:54.336Z] ⏳ Still waiting: 227 seconds remaining
[2025-08-22T14:47:54.338Z] ⏳ Waiting 10988ms...
[2025-08-22T14:48:05.333Z] ⏳ Still waiting: 216 seconds remaining
[2025-08-22T14:48:05.334Z] ⏳ Waiting 11293ms...
[2025-08-22T14:48:16.637Z] ⏳ Still waiting: 205 seconds remaining
[2025-08-22T14:48:16.642Z] ⏳ Waiting 11404ms...
[2025-08-22T14:48:28.059Z] ⏳ Still waiting: 193 seconds remaining
[2025-08-22T14:48:28.061Z] ⏳ Waiting 10733ms...
[2025-08-22T14:48:38.805Z] ⏳ Still waiting: 182 seconds remaining
[2025-08-22T14:48:38.807Z] ⏳ Waiting 10478ms...
[2025-08-22T14:48:49.291Z] ⏳ Still waiting: 172 seconds remaining
[2025-08-22T14:48:49.293Z] ⏳ Waiting 13760ms...
[2025-08-22T14:49:03.062Z] ⏳ Still waiting: 158 seconds remaining
[2025-08-22T14:49:03.101Z] ⏳ Waiting 10294ms...
[2025-08-22T14:49:13.406Z] ⏳ Still waiting: 148 seconds remaining
[2025-08-22T14:49:13.408Z] ⏳ Waiting 10477ms...
[2025-08-22T14:49:23.893Z] ⏳ Still waiting: 137 seconds remaining
[2025-08-22T14:49:23.936Z] ⏳ Waiting 11369ms...
[2025-08-22T14:49:35.311Z] ⏳ Still waiting: 126 seconds remaining
[2025-08-22T14:49:35.312Z] ⏳ Waiting 10229ms...
[2025-08-22T14:49:45.547Z] ⏳ Still waiting: 116 seconds remaining
[2025-08-22T14:49:45.620Z] ⏳ Waiting 10442ms...
[2025-08-22T14:49:56.071Z] ⏳ Still waiting: 105 seconds remaining
[2025-08-22T14:49:56.121Z] ⏳ Waiting 11938ms...
[2025-08-22T14:50:08.071Z] ⏳ Still waiting: 93 seconds remaining
[2025-08-22T14:50:08.072Z] ⏳ Waiting 10346ms...
[2025-08-22T14:50:18.427Z] ⏳ Still waiting: 83 seconds remaining
[2025-08-22T14:50:18.429Z] ⏳ Waiting 14593ms...
[2025-08-22T14:50:33.032Z] ⏳ Still waiting: 68 seconds remaining
[2025-08-22T14:50:33.033Z] ⏳ Waiting 12623ms...
[2025-08-22T14:50:45.669Z] ⏳ Still waiting: 56 seconds remaining
[2025-08-22T14:50:45.722Z] ⏳ Waiting 13106ms...
[2025-08-22T14:50:58.836Z] ⏳ Still waiting: 42 seconds remaining
[2025-08-22T14:50:58.938Z] ⏳ Waiting 11340ms...
[2025-08-22T14:51:10.304Z] ⏳ Still waiting: 31 seconds remaining
[2025-08-22T14:51:10.392Z] ⏳ Waiting 12386ms...
[2025-08-22T14:51:22.774Z] ⏳ Still waiting: 19 seconds remaining
[2025-08-22T14:51:22.775Z] ⏳ Waiting 13375ms...
[2025-08-22T14:51:36.160Z] ⏳ Still waiting: 5 seconds remaining
[2025-08-22T14:51:36.165Z] ⏳ Waiting 12650ms...
[2025-08-22T14:51:48.820Z] ✅ Countdown completed!
[2025-08-22T14:51:48.821Z] ⏳ Waiting 3109ms...
[2025-08-22T14:51:51.932Z] 📥 Looking for final download link...
[2025-08-22T14:51:51.974Z] 🎯 Found download link: https://s2.welib-public.org/hs6/libgenrs_nonfictio...
[2025-08-22T14:51:51.975Z] ⚠️ Could not set download path, will handle dialog manually
[2025-08-22T14:51:51.975Z] 🎯 About to click: final download link
[2025-08-22T14:51:51.983Z] ⏳ Waiting 1636ms...
[2025-08-22T14:51:53.709Z] ⏳ Waiting 285ms...
[2025-08-22T14:51:54.024Z] ⏳ Waiting 701ms...
[2025-08-22T14:51:54.824Z] ✅ Clicked: final download link
[2025-08-22T14:51:54.825Z] ⏳ Waiting for download dialog...
[2025-08-22T14:51:54.825Z] ⏳ Waiting 5487ms...
[2025-08-22T14:52:00.314Z] 🍎 Attempting to handle macOS download dialog...
[2025-08-22T14:52:00.316Z] ⏳ Waiting 3342ms...
[2025-08-22T14:52:03.659Z] ⌨️ Trying Enter key...
[2025-08-22T14:52:03.781Z] ⏳ Waiting 1371ms...
[2025-08-22T14:52:05.153Z] ⌨️ Trying Return key...
[2025-08-22T14:52:05.154Z] ❌ Error handling download dialog: Unknown key: "Return"
[2025-08-22T14:52:05.154Z] ⏳ Waiting 6939ms...
[2025-08-22T14:52:12.097Z] 📥 Downloading file: The Let Them Theory
[2025-08-22T14:52:12.099Z] 🔗 URL: https://s2.welib-public.org/hs6/libgenrs_nonfiction/4451000/37516cdc96b9949100aa...
[2025-08-22T14:52:12.100Z] 💾 Saving to: The Let Them Theory_1755874332100.epub
[2025-08-22T14:52:14.055Z] ✅ Downloaded successfully: The Let Them Theory_1755874332100.epub (6.30 MB)
[2025-08-22T14:52:14.056Z] ✅ Marked as downloaded: The Let Them Theory
[2025-08-22T14:52:14.061Z] 💾 Saved download history: 2 books
[2025-08-22T14:52:14.061Z] ✅ Book 1 completed successfully
[2025-08-22T14:52:14.061Z] 🛡️ Checking for Brave popups...
[2025-08-22T14:52:14.070Z] 🎯 Found Brave popup: [role="dialog"]
[2025-08-22T14:52:14.076Z] ⏳ Waiting between books...
[2025-08-22T14:52:14.076Z] ⏳ Waiting 38357ms...
[2025-08-22T14:52:55.075Z] ⏳ Waiting 9483ms...
[2025-08-22T14:53:04.563Z] 🛡️ Checking for Brave popups...
[2025-08-22T14:53:04.601Z] 🎯 Found Brave popup: [role="dialog"]
[2025-08-22T14:53:04.604Z] 📚 === BOOK 2/2 ===
[2025-08-22T14:53:04.605Z] 🛡️ Checking for Brave popups...
[2025-08-22T14:53:04.607Z] 🎯 Found Brave popup: [role="dialog"]
[2025-08-22T14:53:04.610Z] 🎯 Starting single book scrape...
[2025-08-22T14:53:04.610Z] 🔗 Navigating to welib.org...
[2025-08-22T14:53:06.526Z] ⏳ Waiting 8700ms...
[2025-08-22T14:53:15.228Z] ✅ Successfully loaded welib.org
[2025-08-22T14:53:15.230Z] 🔍 Looking for book titles...
[2025-08-22T14:53:15.230Z] 📜 Scrolling to discover more books...
[2025-08-22T14:53:15.237Z] ⏳ Waiting 3950ms...
[2025-08-22T14:53:19.198Z] ⏳ Waiting 4793ms...
[2025-08-22T14:53:23.993Z] 📚 Checking for "Load More" button...
[2025-08-22T14:53:24.020Z] 🔽 Found "Load More" button - clicking to get more books
[2025-08-22T14:53:24.021Z] 🎯 About to click: Load More button
[2025-08-22T14:53:24.023Z] ⏳ Waiting 1207ms...
[2025-08-22T14:53:25.345Z] ⏳ Waiting 475ms...
[2025-08-22T14:53:25.844Z] ⏳ Waiting 688ms...
[2025-08-22T14:53:26.550Z] ✅ Clicked: Load More button
[2025-08-22T14:53:26.551Z] ⏳ Waiting 7895ms...
[2025-08-22T14:53:34.447Z] ✅ More books should be loaded now
[2025-08-22T14:53:34.452Z] ⏳ Waiting 2499ms...
[2025-08-22T14:53:36.959Z] ⏳ Waiting 1974ms...
[2025-08-22T14:53:38.935Z] ✅ Scrolling complete, books should be loaded
[2025-08-22T14:53:38.959Z] 📚 Found 20 book titles
[2025-08-22T14:53:38.960Z] 📖 Book 1: Atomic Habits: The life-changing million copy best...
[2025-08-22T14:53:38.960Z] 📖 Book 2: The Psychology of Money: Timeless lessons on wealt...
[2025-08-22T14:53:38.960Z] 📖 Book 3: How to Talk to Anyone : 92 Little Tricks for Big S...
[2025-08-22T14:53:38.961Z] ⏭️ Skipping already downloaded: Dark Psychology (3 Books in 1) Manipulation and Da...
[2025-08-22T14:53:38.962Z] 📖 Selected new book: How to Talk to Anyone : 92 Little Tricks for Big S...
[2025-08-22T14:53:44.178Z] ⏳ Waiting 4513ms...
[2025-08-22T14:53:48.694Z] 🔽 Looking for download servers...
[2025-08-22T14:53:48.752Z] 🌐 Found 9 download servers
[2025-08-22T14:53:48.752Z] 🌐 Trying Server #2...
[2025-08-22T14:53:48.752Z] 🎯 About to click: Server #2 download
[2025-08-22T14:53:48.757Z] ⏳ Waiting 1548ms...
[2025-08-22T14:53:50.377Z] ⏳ Waiting 261ms...
[2025-08-22T14:53:50.678Z] ⏳ Waiting 374ms...
[2025-08-22T14:53:51.154Z] ✅ Clicked: Server #2 download
[2025-08-22T14:53:51.154Z] ⏳ Waiting 5097ms...
[2025-08-22T14:53:56.253Z] ✅ Using Server #2 for download
[2025-08-22T14:53:56.255Z] ⏰ Waiting for download countdown...
[2025-08-22T14:53:56.255Z] ⏳ Waiting 3138ms...
[2025-08-22T14:53:59.402Z] ⏳ Found "Please wait" message, looking for countdown...
[2025-08-22T14:53:59.429Z] 📍 Found countdown element: .js-partner-countdown
[2025-08-22T14:53:59.431Z] ⏳ Found countdown: 292 seconds (selector: .js-partner-countdown)
[2025-08-22T14:53:59.431Z] ⏳ Download countdown: 292 seconds
[2025-08-22T14:53:59.432Z] ⏳ Waiting 11833ms...
[2025-08-22T14:54:11.272Z] ⏳ Still waiting: 280 seconds remaining
[2025-08-22T14:54:11.311Z] ⏳ Waiting 10987ms...
[2025-08-22T14:54:22.310Z] ⏳ Still waiting: 269 seconds remaining
[2025-08-22T14:54:22.362Z] ⏳ Waiting 10436ms...
[2025-08-22T14:54:32.807Z] ⏳ Still waiting: 259 seconds remaining
[2025-08-22T14:54:32.809Z] ⏳ Waiting 11314ms...
[2025-08-22T14:54:44.134Z] ⏳ Still waiting: 247 seconds remaining
[2025-08-22T14:54:44.136Z] ⏳ Waiting 14510ms...
[2025-08-22T14:54:58.652Z] ⏳ Still waiting: 233 seconds remaining
[2025-08-22T14:54:58.653Z] ⏳ Waiting 12700ms...
[2025-08-22T14:55:11.359Z] ⏳ Still waiting: 220 seconds remaining
[2025-08-22T14:55:11.362Z] ⏳ Waiting 13816ms...
[2025-08-22T14:55:25.184Z] ⏳ Still waiting: 206 seconds remaining
[2025-08-22T14:55:25.187Z] ⏳ Waiting 14310ms...
[2025-08-22T14:55:39.508Z] ⏳ Still waiting: 192 seconds remaining
[2025-08-22T14:55:39.510Z] ⏳ Waiting 12119ms...
[2025-08-22T14:58:52.293Z] 📚 Loaded 2 previously downloaded books
[2025-08-22T14:58:54.440Z] ⚠️ Could not setup download handling: this.page._client.send is not a function
[2025-08-22T14:58:54.441Z] ✅ Welib scraper initialized successfully
[2025-08-22T14:58:54.441Z] 🎯 Starting scrape of up to 2 books...
[2025-08-22T14:58:54.441Z] 📚 === BOOK 1/2 ===
[2025-08-22T14:58:54.441Z] 🛡️ Checking for Brave popups...
[2025-08-22T14:58:54.486Z] 🎯 Starting single book scrape...
[2025-08-22T14:58:54.487Z] 🔗 Navigating to welib.org...
[2025-08-22T14:59:02.376Z] ⏳ Waiting 9173ms...
[2025-08-22T14:59:11.552Z] ✅ Successfully loaded welib.org
[2025-08-22T14:59:11.553Z] 🔍 Looking for book titles...
[2025-08-22T14:59:11.553Z] 📜 Scrolling to discover more books...
[2025-08-22T14:59:11.555Z] ⏳ Waiting 2166ms...
[2025-08-22T14:59:13.725Z] ⏳ Waiting 4346ms...
[2025-08-22T14:59:18.073Z] 📚 Checking for "Load More" button...
[2025-08-22T14:59:18.103Z] 🔽 Found "Load More" button - clicking to get more books
[2025-08-22T14:59:18.103Z] 🎯 About to click: Load More button
[2025-08-22T14:59:18.106Z] ⏳ Waiting 1521ms...
[2025-08-22T14:59:19.710Z] ⏳ Waiting 363ms...
[2025-08-22T14:59:20.109Z] ⏳ Waiting 547ms...
[2025-08-22T14:59:20.682Z] ✅ Clicked: Load More button
[2025-08-22T14:59:20.683Z] ⏳ Waiting 5294ms...
[2025-08-22T14:59:25.978Z] ✅ More books should be loaded now
[2025-08-22T14:59:25.982Z] ⏳ Waiting 3176ms...
[2025-08-22T14:59:29.164Z] ⏳ Waiting 1227ms...
[2025-08-22T14:59:30.396Z] ✅ Scrolling complete, books should be loaded
[2025-08-22T14:59:30.403Z] 📚 Found 20 book titles
[2025-08-22T14:59:30.404Z] 📖 Book 1: Atomic Habits: The life-changing million copy best...
[2025-08-22T14:59:30.404Z] 📖 Book 2: The Psychology of Money: Timeless lessons on wealt...
[2025-08-22T14:59:30.404Z] 📖 Book 3: How to Talk to Anyone : 92 Little Tricks for Big S...
[2025-08-22T14:59:30.404Z] ⏭️ Skipping already downloaded: The Let Them Theory...
[2025-08-22T14:59:30.404Z] 📖 Selected new book: Atomic Habits: The life-changing million copy best...
[2025-08-22T14:59:42.339Z] ⏳ Waiting 3027ms...
[2025-08-22T14:59:45.370Z] 🔽 Looking for download servers...
[2025-08-22T14:59:45.393Z] 🌐 Found 8 download servers
[2025-08-22T14:59:45.393Z] 🌐 Trying Server #2...
[2025-08-22T14:59:45.393Z] 🎯 About to click: Server #2 download
[2025-08-22T14:59:45.394Z] ⏳ Waiting 1047ms...
[2025-08-22T14:59:46.527Z] ⏳ Waiting 423ms...
[2025-08-22T14:59:46.977Z] ⏳ Waiting 652ms...
[2025-08-22T14:59:47.653Z] ✅ Clicked: Server #2 download
[2025-08-22T14:59:47.654Z] ⏳ Waiting 5275ms...
[2025-08-22T14:59:52.930Z] ✅ Using Server #2 for download
[2025-08-22T14:59:52.931Z] ⏰ Waiting for download countdown...
[2025-08-22T14:59:52.931Z] ⏳ Waiting 3945ms...
[2025-08-22T14:59:56.881Z] ⏳ Found "Please wait" message, looking for countdown...
[2025-08-22T14:59:56.896Z] 📍 Found countdown element: .js-partner-countdown
[2025-08-22T14:59:56.898Z] ⏳ Found countdown: 293 seconds (selector: .js-partner-countdown)
[2025-08-22T14:59:56.898Z] ⏳ Download countdown: 293 seconds
[2025-08-22T14:59:56.898Z] ⏳ Waiting 12551ms...
[2025-08-22T15:00:09.458Z] ⏳ Still waiting: 280 seconds remaining
[2025-08-22T15:00:09.516Z] ⏳ Waiting 12564ms...
[2025-08-22T15:00:22.095Z] ⏳ Still waiting: 268 seconds remaining
[2025-08-22T15:00:22.144Z] ⏳ Waiting 12280ms...
[2025-08-22T15:00:34.448Z] ⏳ Still waiting: 255 seconds remaining
[2025-08-22T15:00:34.495Z] ⏳ Waiting 10202ms...
[2025-08-22T15:00:44.706Z] ⏳ Still waiting: 245 seconds remaining
[2025-08-22T15:00:44.707Z] ⏳ Waiting 11106ms...
[2025-08-22T15:00:55.826Z] ⏳ Still waiting: 234 seconds remaining
[2025-08-22T15:00:55.829Z] ⏳ Waiting 13606ms...
[2025-08-22T15:01:09.443Z] ⏳ Still waiting: 220 seconds remaining
[2025-08-22T15:01:09.445Z] ⏳ Waiting 13574ms...
[2025-08-22T15:01:27.024Z] 📚 Loaded 2 previously downloaded books
[2025-08-22T15:01:28.407Z] ⚠️ Could not setup download handling: this.page._client.send is not a function
[2025-08-22T15:01:28.408Z] ✅ Welib scraper initialized successfully
[2025-08-22T15:01:28.408Z] 🚀 Starting PARALLEL scrape: 6 books across 3 tabs
[2025-08-22T15:01:28.524Z] ⚠️ Could not setup download handling: this.page._client.send is not a function
[2025-08-22T15:01:28.524Z] 📑 Created tab 1/3
[2025-08-22T15:01:28.640Z] ⚠️ Could not setup download handling: this.page._client.send is not a function
[2025-08-22T15:01:28.640Z] 📑 Created tab 2/3
[2025-08-22T15:01:28.778Z] ⚠️ Could not setup download handling: this.page._client.send is not a function
[2025-08-22T15:01:28.779Z] 📑 Created tab 3/3
[2025-08-22T15:01:36.862Z] ⏳ Waiting 3086ms...
[2025-08-22T15:01:39.970Z] ⏳ Waiting 3896ms...
[2025-08-22T15:02:56.210Z] 📚 Loaded 2 previously downloaded books
[2025-08-22T15:02:58.027Z] 💾 Download handling setup for page complete
[2025-08-22T15:02:58.027Z] 💾 Download handling setup complete
[2025-08-22T15:02:58.027Z] ✅ Welib scraper initialized successfully
[2025-08-22T15:02:58.028Z] 🚀 Starting PARALLEL scrape: 6 books across 3 tabs
[2025-08-22T15:02:58.120Z] 🪟 New popup/page detected - closing it
[2025-08-22T15:02:58.136Z] ❌ Error during parallel scrape: Protocol error (Page.navigate): Target closed
[2025-08-22T15:04:34.212Z] 📚 Loaded 2 previously downloaded books
[2025-08-22T15:04:35.282Z] 💾 Download handling setup for page complete
[2025-08-22T15:04:35.282Z] 💾 Download handling setup complete
[2025-08-22T15:04:35.282Z] ✅ Welib scraper initialized successfully
[2025-08-22T15:04:35.283Z] 🚀 Starting PARALLEL scrape: 6 books across 3 tabs
[2025-08-22T15:04:35.415Z] 💾 Download handling setup for page complete
[2025-08-22T15:04:35.415Z] 📑 Created tab 1/3
[2025-08-22T15:04:35.454Z] 📑 Allowing welib page/tab: about:blank
[2025-08-22T15:04:35.533Z] 💾 Download handling setup for page complete
[2025-08-22T15:04:35.533Z] 📑 Created tab 2/3
[2025-08-22T15:04:35.575Z] 📑 Allowing welib page/tab: about:blank
[2025-08-22T15:04:35.668Z] 💾 Download handling setup for page complete
[2025-08-22T15:04:35.669Z] 📑 Created tab 3/3
[2025-08-22T15:04:35.704Z] 📑 Allowing welib page/tab: about:blank
[2025-08-22T15:04:42.144Z] ⏳ Waiting 4893ms...
[2025-08-22T15:04:47.044Z] ⏳ Waiting 3942ms...
[2025-08-22T15:07:54.736Z] 📚 Loaded 2 previously downloaded books
[2025-08-22T15:07:55.683Z] 💾 Download handling setup for page complete
[2025-08-22T15:07:55.683Z] 💾 Download handling setup complete
[2025-08-22T15:07:55.683Z] ✅ Welib scraper initialized successfully
[2025-08-22T15:07:55.684Z] 🎯 Starting scrape of up to 2 books...
[2025-08-22T15:07:55.684Z] 📚 === BOOK 1/2 ===
[2025-08-22T15:07:55.684Z] 🛡️ Checking for Brave popups...
[2025-08-22T15:07:55.705Z] 🎯 Starting single book scrape...
[2025-08-22T15:07:55.706Z] 🔗 Navigating to welib.org...
[2025-08-22T15:07:59.118Z] ⏳ Waiting 7639ms...
[2025-08-22T15:08:06.761Z] ✅ Successfully loaded welib.org
[2025-08-22T15:08:06.763Z] 🔍 Looking for book titles...
[2025-08-22T15:08:06.764Z] 📜 Scrolling to discover more books...
[2025-08-22T15:08:06.779Z] ⏳ Waiting 2837ms...
[2025-08-22T15:08:09.626Z] ⏳ Waiting 4752ms...
[2025-08-22T15:08:14.380Z] 📚 Checking for "Load More" button...
[2025-08-22T15:08:14.386Z] 🔽 Found "Load More" button - clicking to get more books
[2025-08-22T15:08:14.387Z] 🎯 About to click: Load More button
[2025-08-22T15:08:14.388Z] ⏳ Waiting 1883ms...
[2025-08-22T15:08:16.388Z] ⏳ Waiting 230ms...
[2025-08-22T15:08:16.648Z] ⏳ Waiting 428ms...
[2025-08-22T15:08:17.111Z] ✅ Clicked: Load More button
[2025-08-22T15:08:17.111Z] ⏳ Waiting 7029ms...
[2025-08-22T15:08:24.141Z] ✅ More books should be loaded now
[2025-08-22T15:08:24.143Z] ⏳ Waiting 2597ms...
[2025-08-22T15:08:26.744Z] ⏳ Waiting 1924ms...
[2025-08-22T15:08:28.673Z] ✅ Scrolling complete, books should be loaded
[2025-08-22T15:08:28.687Z] 📚 Found 20 book titles
[2025-08-22T15:08:28.688Z] 📖 Book 1: Atomic Habits: The life-changing million copy best...
[2025-08-22T15:08:28.688Z] 📖 Book 2: The Psychology of Money: Timeless lessons on wealt...
[2025-08-22T15:08:28.688Z] 📖 Book 3: How to Talk to Anyone : 92 Little Tricks for Big S...
[2025-08-22T15:08:28.688Z] 📖 Selected new book: The Laws of Power...
[2025-08-22T15:08:37.248Z] ⏳ Waiting 3957ms...
[2025-08-22T15:08:41.208Z] 🔽 Looking for download servers...
[2025-08-22T15:08:41.252Z] 🌐 Found 8 download servers
[2025-08-22T15:08:41.253Z] 🌐 Trying Server #2...
[2025-08-22T15:08:41.253Z] 🎯 About to click: Server #2 download
[2025-08-22T15:08:41.255Z] ⏳ Waiting 1247ms...
[2025-08-22T15:08:42.583Z] ⏳ Waiting 337ms...
[2025-08-22T15:08:42.948Z] ⏳ Waiting 675ms...
[2025-08-22T15:08:43.714Z] ✅ Clicked: Server #2 download
[2025-08-22T15:08:43.714Z] ⏳ Waiting 4427ms...
[2025-08-22T15:08:48.145Z] ✅ Using Server #2 for download
[2025-08-22T15:08:48.153Z] ⏰ Waiting for download countdown...
[2025-08-22T15:08:48.154Z] ⏳ Waiting 4820ms...
[2025-08-22T15:08:52.978Z] ⚡ No "Please wait" countdown found, proceeding immediately
[2025-08-22T15:08:52.979Z] 📥 Looking for final download link...
[2025-08-22T15:08:52.986Z] 🎯 Found download link: https://s2.welib-public.org/hs1/libgenrs_fiction/7...
[2025-08-22T15:08:52.987Z] ⚠️ Could not set download path, will handle dialog manually
[2025-08-22T15:08:52.987Z] 🎯 About to click: final download link
[2025-08-22T15:08:52.988Z] ⏳ Waiting 1730ms...
[2025-08-22T15:08:54.815Z] ⏳ Waiting 235ms...
[2025-08-22T15:08:55.084Z] ⏳ Waiting 385ms...
[2025-08-22T15:08:55.555Z] ✅ Clicked: final download link
[2025-08-22T15:08:55.555Z] ⏳ Waiting for download dialog...
[2025-08-22T15:08:55.555Z] ⏳ Waiting 3591ms...
[2025-08-22T15:08:59.150Z] 🍎 Attempting to handle macOS download dialog...
[2025-08-22T15:08:59.154Z] ⏳ Waiting 3565ms...
[2025-08-22T15:09:02.722Z] ⌨️ Trying Enter key...
[2025-08-22T15:09:02.809Z] ⏳ Waiting 1763ms...
[2025-08-22T15:09:04.573Z] ⌨️ Trying NumpadEnter key...
[2025-08-22T15:09:04.644Z] ⏳ Waiting 1803ms...
[2025-08-22T15:09:06.448Z] ⌨️ Trying Cmd+S...
[2025-08-22T15:09:06.457Z] ⏳ Waiting 1019ms...
[2025-08-22T15:09:07.478Z] ⌨️ Trying Space bar...
[2025-08-22T15:09:07.486Z] ⏳ Waiting 1462ms...
[2025-08-22T15:09:08.950Z] ⌨️ Trying Tab + Enter...
[2025-08-22T15:09:08.954Z] ⏳ Waiting 947ms...
[2025-08-22T15:09:09.908Z] ✅ Attempted all download dialog shortcuts
[2025-08-22T15:09:09.908Z] ⏳ Waiting 8412ms...
[2025-08-22T15:09:18.324Z] 📥 Downloading file: The Laws of Power
[2025-08-22T15:09:18.326Z] 🔗 URL: https://s2.welib-public.org/hs1/libgenrs_fiction/746000/564949eeaef18389ea40f664...
[2025-08-22T15:09:18.329Z] 💾 Saving to: The Laws of Power_1755875358328.epub
[2025-08-22T15:09:19.335Z] ✅ Downloaded successfully: The Laws of Power_1755875358328.epub (0.60 MB)
[2025-08-22T15:09:19.336Z] ✅ Marked as downloaded: The Laws of Power
[2025-08-22T15:09:19.337Z] 💾 Saved download history: 3 books
[2025-08-22T15:09:19.337Z] ✅ Book 1 completed successfully
[2025-08-22T15:09:19.337Z] 🛡️ Checking for Brave popups...
[2025-08-22T15:09:19.366Z] 🎯 Found Brave popup: [role="dialog"]
[2025-08-22T15:09:19.374Z] ⏳ Waiting between books...
[2025-08-22T15:09:19.374Z] ⏳ Waiting 31346ms...
[2025-08-22T15:09:52.412Z] ⏳ Waiting 8441ms...
[2025-08-22T15:10:00.879Z] 🛡️ Checking for Brave popups...
[2025-08-22T15:10:00.906Z] 🎯 Found Brave popup: [role="dialog"]
[2025-08-22T15:10:00.911Z] 📚 === BOOK 2/2 ===
[2025-08-22T15:10:00.912Z] 🛡️ Checking for Brave popups...
[2025-08-22T15:10:00.917Z] 🎯 Found Brave popup: [role="dialog"]
[2025-08-22T15:10:00.921Z] 🎯 Starting single book scrape...
[2025-08-22T15:10:00.921Z] 🔗 Navigating to welib.org...
[2025-08-22T15:10:03.053Z] ⏳ Waiting 5369ms...
[2025-08-22T15:10:08.424Z] ✅ Successfully loaded welib.org
[2025-08-22T15:10:08.428Z] 🔍 Looking for book titles...
[2025-08-22T15:10:08.428Z] 📜 Scrolling to discover more books...
[2025-08-22T15:10:08.446Z] ⏳ Waiting 2503ms...
[2025-08-22T15:10:10.954Z] ⏳ Waiting 3678ms...
[2025-08-22T15:10:14.636Z] 📚 Checking for "Load More" button...
[2025-08-22T15:10:14.688Z] 🔽 Found "Load More" button - clicking to get more books
[2025-08-22T15:10:14.688Z] 🎯 About to click: Load More button
[2025-08-22T15:10:14.690Z] ⏳ Waiting 1198ms...
[2025-08-22T15:10:15.971Z] ⏳ Waiting 232ms...
[2025-08-22T15:10:16.236Z] ⏳ Waiting 597ms...
[2025-08-22T15:10:16.860Z] ✅ Clicked: Load More button
[2025-08-22T15:10:16.861Z] ⏳ Waiting 5617ms...
[2025-08-22T15:10:22.479Z] ✅ More books should be loaded now
[2025-08-22T15:10:22.492Z] ⏳ Waiting 3758ms...
[2025-08-22T15:10:26.254Z] ⏳ Waiting 1659ms...
[2025-08-22T15:10:27.917Z] ✅ Scrolling complete, books should be loaded
[2025-08-22T15:10:27.946Z] 📚 Found 20 book titles
[2025-08-22T15:10:27.947Z] 📖 Book 1: Atomic Habits: The life-changing million copy best...
[2025-08-22T15:10:27.947Z] 📖 Book 2: The Psychology of Money: Timeless lessons on wealt...
[2025-08-22T15:10:27.947Z] 📖 Book 3: How to Talk to Anyone : 92 Little Tricks for Big S...
[2025-08-22T15:10:27.947Z] 📖 Selected new book: How To Win Friends and Influence People...
[2025-08-22T15:10:36.621Z] ⏳ Waiting 3084ms...
[2025-08-22T15:10:39.707Z] 🔽 Looking for download servers...
[2025-08-22T15:10:39.766Z] 🌐 Found 8 download servers
[2025-08-22T15:10:39.767Z] 🌐 Trying Server #2...
[2025-08-22T15:10:39.768Z] 🎯 About to click: Server #2 download
[2025-08-22T15:10:39.778Z] ⏳ Waiting 1927ms...
[2025-08-22T15:10:41.788Z] ⏳ Waiting 307ms...
[2025-08-22T15:10:42.124Z] ⏳ Waiting 595ms...
[2025-08-22T15:10:42.751Z] ✅ Clicked: Server #2 download
[2025-08-22T15:10:42.752Z] ⏳ Waiting 5675ms...
[2025-08-22T15:10:48.430Z] ✅ Using Server #2 for download
[2025-08-22T15:10:48.433Z] ⏰ Waiting for download countdown...
[2025-08-22T15:10:48.433Z] ⏳ Waiting 4283ms...
[2025-08-22T15:11:23.795Z] ❌ Error during countdown: Execution context was destroyed, most likely because of a navigation.
[2025-08-22T15:11:23.797Z] ❌ Book 2 failed
[2025-08-22T15:11:23.797Z] 🛡️ Checking for Brave popups...
[2025-08-22T15:11:23.954Z] 🔒 Browser closed
[2025-08-22T15:12:49.740Z] 📚 Loaded 3 previously downloaded books
[2025-08-22T15:12:49.742Z] 📁 Added 1 books from existing files
[2025-08-22T15:12:49.743Z] 💾 Saved download history: 4 books
[2025-08-22T15:12:50.994Z] 💾 Download handling setup for page complete
[2025-08-22T15:12:50.995Z] 💾 Download handling setup complete
[2025-08-22T15:12:50.995Z] ✅ Welib scraper initialized successfully
[2025-08-22T15:12:50.995Z] 🎯 Starting scrape of up to 2 books...
[2025-08-22T15:12:50.995Z] 📚 === BOOK 1/2 ===
[2025-08-22T15:12:50.995Z] 🛡️ Checking for Brave popups...
[2025-08-22T15:12:51.012Z] 🎯 Starting single book scrape...
[2025-08-22T15:12:51.012Z] 🔗 Navigating to welib.org...
[2025-08-22T15:12:55.784Z] ⏳ Waiting 8053ms...
[2025-08-22T15:13:03.840Z] ✅ Successfully loaded welib.org
[2025-08-22T15:13:03.844Z] 🔍 Looking for book titles...
[2025-08-22T15:13:03.844Z] 📜 Scrolling to discover more books...
[2025-08-22T15:13:03.870Z] ⏳ Waiting 3074ms...
[2025-08-22T15:13:06.949Z] ⏳ Waiting 4188ms...
[2025-08-22T15:13:11.141Z] 📚 Checking for "Load More" button...
[2025-08-22T15:13:11.170Z] 🔽 Found "Load More" button - clicking to get more books
[2025-08-22T15:13:11.173Z] 🎯 About to click: Load More button
[2025-08-22T15:13:11.184Z] ⏳ Waiting 1477ms...
[2025-08-22T15:13:12.747Z] ⏳ Waiting 330ms...
[2025-08-22T15:13:13.109Z] ⏳ Waiting 377ms...
[2025-08-22T15:13:13.526Z] ✅ Clicked: Load More button
[2025-08-22T15:13:13.528Z] ⏳ Waiting 6859ms...
[2025-08-22T15:13:20.395Z] ✅ More books should be loaded now
[2025-08-22T15:13:20.411Z] ⏳ Waiting 2662ms...
[2025-08-22T15:13:23.080Z] ⏳ Waiting 1550ms...
[2025-08-22T15:13:24.633Z] ✅ Scrolling complete, books should be loaded
[2025-08-22T15:13:24.663Z] 📚 Found 20 book titles
[2025-08-22T15:13:24.663Z] 📖 Book 1: Atomic Habits: The life-changing million copy best...
[2025-08-22T15:13:24.663Z] 📖 Book 2: The Psychology of Money: Timeless lessons on wealt...
[2025-08-22T15:13:24.664Z] 📖 Book 3: How to Talk to Anyone : 92 Little Tricks for Big S...
[2025-08-22T15:13:24.664Z] 📖 Selected new book: Can't Hurt Me: Master Your Mind and Defy the Odds...
[2025-08-22T15:13:28.331Z] ⏳ Waiting 3613ms...
[2025-08-22T15:13:31.948Z] 🔽 Looking for download servers...
[2025-08-22T15:13:31.973Z] 🌐 Found 7 download servers
[2025-08-22T15:13:31.973Z] 🌐 Trying Server #2...
[2025-08-22T15:13:31.973Z] 🎯 About to click: Server #2 download
[2025-08-22T15:13:31.974Z] ⏳ Waiting 1449ms...
[2025-08-22T15:13:33.511Z] ⏳ Waiting 410ms...
[2025-08-22T15:13:33.961Z] ⏳ Waiting 418ms...
[2025-08-22T15:13:34.456Z] ✅ Clicked: Server #2 download
[2025-08-22T15:13:34.456Z] ⏳ Waiting 5618ms...
[2025-08-22T15:13:40.075Z] ✅ Using Server #2 for download
[2025-08-22T15:13:40.077Z] ⏰ Waiting for download countdown...
[2025-08-22T15:13:40.078Z] ⏳ Waiting 3883ms...
[2025-08-22T15:13:43.969Z] ⏳ Found "Please wait" message, looking for countdown...
[2025-08-22T15:13:44.000Z] 📍 Found countdown element: .js-partner-countdown
[2025-08-22T15:13:44.003Z] ⏳ Found countdown: 294 seconds (selector: .js-partner-countdown)
[2025-08-22T15:13:44.003Z] ⏳ Download countdown: 294 seconds
[2025-08-22T15:13:44.003Z] ⏳ Waiting 12541ms...
[2025-08-22T15:13:56.553Z] ⏳ Still waiting: 281 seconds remaining
[2025-08-22T15:13:56.557Z] ⏳ Waiting 11495ms...
[2025-08-22T15:14:08.061Z] ⏳ Still waiting: 270 seconds remaining
[2025-08-22T15:14:08.063Z] ⏳ Waiting 12987ms...
[2025-08-22T15:14:21.057Z] ⏳ Still waiting: 257 seconds remaining
[2025-08-22T15:14:21.059Z] ⏳ Waiting 11886ms...
[2025-08-22T15:14:32.967Z] ⏳ Still waiting: 245 seconds remaining
[2025-08-22T15:14:33.016Z] ⏳ Waiting 13156ms...
[2025-08-22T15:14:46.178Z] ⏳ Still waiting: 232 seconds remaining
[2025-08-22T15:14:46.179Z] ⏳ Waiting 13395ms...
[2025-08-22T15:14:59.596Z] ⏳ Still waiting: 218 seconds remaining
[2025-08-22T15:14:59.598Z] ⏳ Waiting 12894ms...
[2025-08-22T15:15:12.503Z] ⏳ Still waiting: 205 seconds remaining
[2025-08-22T15:15:12.504Z] ⏳ Waiting 13432ms...
[2025-08-22T15:15:25.949Z] ⏳ Still waiting: 192 seconds remaining
[2025-08-22T15:15:26.001Z] ⏳ Waiting 13596ms...
[2025-08-22T15:15:39.631Z] ⏳ Still waiting: 178 seconds remaining
[2025-08-22T15:15:39.682Z] ⏳ Waiting 10266ms...
[2025-08-22T15:15:49.957Z] ⏳ Still waiting: 168 seconds remaining
[2025-08-22T15:15:49.958Z] ⏳ Waiting 14429ms...
[2025-08-22T15:16:04.397Z] ⏳ Still waiting: 154 seconds remaining
[2025-08-22T15:16:04.398Z] ⏳ Waiting 10561ms...
[2025-08-22T15:16:14.965Z] ⏳ Still waiting: 143 seconds remaining
[2025-08-22T15:16:14.966Z] ⏳ Waiting 10441ms...
[2025-08-22T15:16:25.415Z] ⏳ Still waiting: 133 seconds remaining
[2025-08-22T15:16:25.468Z] ⏳ Waiting 13610ms...
[2025-08-22T15:16:39.103Z] ⏳ Still waiting: 119 seconds remaining
[2025-08-22T15:16:39.105Z] ⏳ Waiting 13178ms...
[2025-08-22T15:16:52.302Z] ⏳ Still waiting: 106 seconds remaining
[2025-08-22T15:16:52.304Z] ⏳ Waiting 11781ms...
[2025-08-22T15:17:04.098Z] ⏳ Still waiting: 94 seconds remaining
[2025-08-22T15:17:04.151Z] ⏳ Waiting 14398ms...
[2025-08-22T15:17:18.572Z] ⏳ Still waiting: 79 seconds remaining
[2025-08-22T15:17:18.617Z] ⏳ Waiting 10086ms...
[2025-08-22T15:17:28.717Z] ⏳ Still waiting: 69 seconds remaining
[2025-08-22T15:17:28.718Z] ⏳ Waiting 12942ms...
[2025-08-22T15:17:41.679Z] ⏳ Still waiting: 56 seconds remaining
[2025-08-22T15:17:41.680Z] ⏳ Waiting 14868ms...
[2025-08-22T15:17:56.554Z] ⏳ Still waiting: 41 seconds remaining
[2025-08-22T15:17:56.555Z] ⏳ Waiting 13133ms...
[2025-08-22T15:18:09.696Z] ⏳ Still waiting: 28 seconds remaining
[2025-08-22T15:18:09.698Z] ⏳ Waiting 13275ms...
[2025-08-22T15:18:22.987Z] ⏳ Still waiting: 15 seconds remaining
[2025-08-22T15:18:22.990Z] ⏳ Waiting 11527ms...
[2025-08-22T15:18:34.525Z] ⏳ Still waiting: 3 seconds remaining
[2025-08-22T15:18:34.527Z] ⏳ Waiting 12784ms...
[2025-08-22T15:18:47.320Z] ✅ Countdown completed!
[2025-08-22T15:18:47.326Z] ⏳ Waiting 2450ms...
[2025-08-22T15:18:49.779Z] 📥 Looking for final download link...
[2025-08-22T15:18:49.818Z] 🎯 Found download link: https://s2.welib-public.org/s2/zlib2/pilimi-zlib2-...
[2025-08-22T15:18:49.818Z] ⚠️ Could not set download path, will handle dialog manually
[2025-08-22T15:18:49.818Z] 🎯 About to click: final download link
[2025-08-22T15:18:49.820Z] ⏳ Waiting 1928ms...
[2025-08-22T15:18:51.824Z] ⏳ Waiting 484ms...
[2025-08-22T15:18:52.342Z] ⏳ Waiting 755ms...
[2025-08-22T15:18:53.181Z] ✅ Clicked: final download link
[2025-08-22T15:18:53.181Z] ⏳ Waiting for download dialog...
[2025-08-22T15:18:53.181Z] ⏳ Waiting 3128ms...
[2025-08-22T15:18:56.312Z] 🍎 Attempting to handle macOS download dialog...
[2025-08-22T15:18:56.314Z] ⏳ Waiting 3837ms...
[2025-08-22T15:19:00.152Z] ⌨️ Trying Enter key...
[2025-08-22T15:19:00.249Z] ⏳ Waiting 1029ms...
[2025-08-22T15:19:01.280Z] ⌨️ Trying NumpadEnter key...
[2025-08-22T15:19:01.348Z] ⏳ Waiting 1051ms...
[2025-08-22T15:19:02.400Z] ⌨️ Trying Cmd+S...
[2025-08-22T15:19:02.402Z] ⏳ Waiting 1944ms...
[2025-08-22T15:19:04.348Z] ⌨️ Trying Space bar...
[2025-08-22T15:19:04.355Z] ⏳ Waiting 1051ms...
[2025-08-22T15:19:05.407Z] ⌨️ Trying Tab + Enter...
[2025-08-22T15:19:05.411Z] ⏳ Waiting 783ms...
[2025-08-22T15:19:06.197Z] ✅ Attempted all download dialog shortcuts
[2025-08-22T15:19:06.197Z] ⏳ Waiting 8118ms...
[2025-08-22T15:19:14.320Z] 📥 Downloading file: Can't Hurt Me: Master Your Mind and Defy the Odds
[2025-08-22T15:19:14.323Z] 🔗 URL: https://s2.welib-public.org/s2/zlib2/pilimi-zlib2-18210000-18319999/18252197~/17...
[2025-08-22T15:19:14.323Z] 💾 Saving to: Cant Hurt Me Master Your Mind and Defy the Odds_1755875954323.pdf
[2025-08-22T15:19:16.786Z] ✅ Downloaded successfully: Cant Hurt Me Master Your Mind and Defy the Odds_1755875954323.pdf (4.43 MB)
[2025-08-22T15:19:16.786Z] ✅ Marked as downloaded: Can't Hurt Me: Master Your Mind and Defy the Odds
[2025-08-22T15:19:16.793Z] 💾 Saved download history: 5 books
[2025-08-22T15:19:16.794Z] ✅ Book 1 completed successfully
[2025-08-22T15:19:16.794Z] 🛡️ Checking for Brave popups...
[2025-08-22T15:19:16.809Z] 🎯 Found Brave popup: [role="dialog"]
[2025-08-22T15:19:16.815Z] ⏳ Waiting between books...
[2025-08-22T15:19:16.816Z] ⏳ Waiting 52649ms...
[2025-08-22T15:20:12.721Z] ⏳ Waiting 9905ms...
[2025-08-22T15:20:22.633Z] 🛡️ Checking for Brave popups...
[2025-08-22T15:20:22.669Z] 🎯 Found Brave popup: [role="dialog"]
[2025-08-22T15:20:22.672Z] 📚 === BOOK 2/2 ===
[2025-08-22T15:20:22.672Z] 🛡️ Checking for Brave popups...
[2025-08-22T15:20:22.675Z] 🎯 Found Brave popup: [role="dialog"]
[2025-08-22T15:20:22.677Z] 🎯 Starting single book scrape...
[2025-08-22T15:20:22.677Z] 🔗 Navigating to welib.org...
[2025-08-22T15:20:23.895Z] ⏳ Waiting 8651ms...
[2025-08-22T15:20:32.548Z] ✅ Successfully loaded welib.org
[2025-08-22T15:20:32.549Z] 🔍 Looking for book titles...
[2025-08-22T15:20:32.549Z] 📜 Scrolling to discover more books...
[2025-08-22T15:20:32.562Z] ⏳ Waiting 3842ms...
[2025-08-22T15:20:36.434Z] ⏳ Waiting 4320ms...
[2025-08-22T15:20:40.758Z] 📚 Checking for "Load More" button...
[2025-08-22T15:20:40.796Z] 🔽 Found "Load More" button - clicking to get more books
[2025-08-22T15:20:40.797Z] 🎯 About to click: Load More button
[2025-08-22T15:20:40.802Z] ⏳ Waiting 1201ms...
[2025-08-22T15:20:42.146Z] ⏳ Waiting 392ms...
[2025-08-22T15:20:42.563Z] ⏳ Waiting 554ms...
[2025-08-22T15:20:43.143Z] ✅ Clicked: Load More button
[2025-08-22T15:20:43.143Z] ⏳ Waiting 7420ms...
[2025-08-22T15:20:50.565Z] ✅ More books should be loaded now
[2025-08-22T15:20:50.598Z] ⏳ Waiting 2713ms...
[2025-08-22T15:20:53.319Z] ⏳ Waiting 1022ms...
[2025-08-22T15:20:54.344Z] ✅ Scrolling complete, books should be loaded
[2025-08-22T15:20:54.366Z] 📚 Found 20 book titles
[2025-08-22T15:20:54.368Z] 📖 Book 1: Atomic Habits: The life-changing million copy best...
[2025-08-22T15:20:54.368Z] 📖 Book 2: The Psychology of Money: Timeless lessons on wealt...
[2025-08-22T15:20:54.368Z] 📖 Book 3: How to Talk to Anyone : 92 Little Tricks for Big S...
[2025-08-22T15:20:54.369Z] 📖 Selected new book: How to Talk to Anyone : 92 Little Tricks for Big S...
[2025-08-22T15:20:57.016Z] ⏳ Waiting 4246ms...
[2025-08-22T15:21:01.264Z] 🔽 Looking for download servers...
[2025-08-22T15:21:01.310Z] 🌐 Found 9 download servers
[2025-08-22T15:21:01.311Z] 🌐 Trying Server #2...
[2025-08-22T15:21:01.311Z] 🎯 About to click: Server #2 download
[2025-08-22T15:21:01.313Z] ⏳ Waiting 1354ms...
[2025-08-22T15:21:02.752Z] ⏳ Waiting 351ms...
[2025-08-22T15:21:03.130Z] ⏳ Waiting 448ms...
[2025-08-22T15:21:03.693Z] ✅ Clicked: Server #2 download
[2025-08-22T15:21:03.693Z] ⏳ Waiting 3928ms...
[2025-08-22T15:21:07.623Z] ✅ Using Server #2 for download
[2025-08-22T15:21:07.624Z] ⏰ Waiting for download countdown...
[2025-08-22T15:21:07.625Z] ⏳ Waiting 3108ms...
[2025-08-22T15:21:10.740Z] ⏳ Found "Please wait" message, looking for countdown...
[2025-08-22T15:21:10.759Z] 📍 Found countdown element: .js-partner-countdown
[2025-08-22T15:21:10.761Z] ⏳ Found countdown: 294 seconds (selector: .js-partner-countdown)
[2025-08-22T15:21:10.762Z] ⏳ Download countdown: 294 seconds
[2025-08-22T15:21:10.762Z] ⏳ Waiting 10554ms...
[2025-08-22T15:21:21.340Z] ⏳ Still waiting: 283 seconds remaining
[2025-08-22T15:21:21.342Z] ⏳ Waiting 10378ms...
[2025-08-22T15:21:31.737Z] ⏳ Still waiting: 273 seconds remaining
[2025-08-22T15:21:31.783Z] ⏳ Waiting 10008ms...
[2025-08-22T15:21:41.803Z] ⏳ Still waiting: 263 seconds remaining
[2025-08-22T15:21:41.806Z] ⏳ Waiting 12104ms...
[2025-08-22T15:21:53.919Z] ⏳ Still waiting: 251 seconds remaining
[2025-08-22T15:21:53.921Z] ⏳ Waiting 13397ms...
[2025-08-22T15:22:07.327Z] ⏳ Still waiting: 237 seconds remaining
[2025-08-22T15:22:07.328Z] ⏳ Waiting 11231ms...
[2025-08-22T15:22:18.569Z] ⏳ Still waiting: 226 seconds remaining
[2025-08-22T15:22:18.570Z] ⏳ Waiting 14713ms...
[2025-08-22T15:22:33.292Z] ⏳ Still waiting: 211 seconds remaining
[2025-08-22T15:22:33.337Z] ⏳ Waiting 14901ms...
[2025-08-22T15:22:48.251Z] ⏳ Still waiting: 196 seconds remaining
[2025-08-22T15:22:48.255Z] ⏳ Waiting 12164ms...
[2025-08-22T15:23:00.448Z] ⏳ Still waiting: 184 seconds remaining
[2025-08-22T15:23:00.487Z] ⏳ Waiting 11316ms...
[2025-08-22T15:23:11.814Z] ⏳ Still waiting: 173 seconds remaining
[2025-08-22T15:23:11.816Z] ⏳ Waiting 14278ms...
[2025-08-22T15:23:26.111Z] ⏳ Still waiting: 159 seconds remaining
[2025-08-22T15:23:26.206Z] ⏳ Waiting 13986ms...
[2025-08-22T15:23:40.201Z] ⏳ Still waiting: 144 seconds remaining
[2025-08-22T15:23:40.255Z] ⏳ Waiting 14355ms...
[2025-08-22T15:23:54.618Z] ⏳ Still waiting: 130 seconds remaining
[2025-08-22T15:23:54.620Z] ⏳ Waiting 13391ms...
[2025-08-22T15:24:08.027Z] ⏳ Still waiting: 117 seconds remaining
[2025-08-22T15:24:08.076Z] ⏳ Waiting 11968ms...
[2025-08-22T15:24:20.059Z] ⏳ Still waiting: 105 seconds remaining
[2025-08-22T15:24:20.061Z] ⏳ Waiting 12331ms...
[2025-08-22T15:24:32.401Z] ⏳ Still waiting: 92 seconds remaining
[2025-08-22T15:24:32.402Z] ⏳ Waiting 10476ms...
[2025-08-22T15:24:42.888Z] ⏳ Still waiting: 82 seconds remaining
[2025-08-22T15:24:42.890Z] ⏳ Waiting 11373ms...
[2025-08-22T15:24:54.272Z] ⏳ Still waiting: 70 seconds remaining
[2025-08-22T15:24:54.327Z] ⏳ Waiting 10487ms...
[2025-08-22T15:25:04.836Z] ⏳ Still waiting: 60 seconds remaining
[2025-08-22T15:25:04.893Z] ⏳ Waiting 13096ms...
[2025-08-22T15:25:17.997Z] ⏳ Still waiting: 47 seconds remaining
[2025-08-22T15:25:17.999Z] ⏳ Waiting 12148ms...
[2025-08-22T15:25:30.156Z] ⏳ Still waiting: 35 seconds remaining
[2025-08-22T15:25:30.245Z] ⏳ Waiting 10864ms...
[2025-08-22T15:25:41.118Z] ⏳ Still waiting: 24 seconds remaining
[2025-08-22T15:25:41.162Z] ⏳ Waiting 14373ms...
[2025-08-22T15:25:55.545Z] ⏳ Still waiting: 9 seconds remaining
[2025-08-22T15:25:55.548Z] ⏳ Waiting 12316ms...
[2025-08-22T15:26:07.869Z] ✅ Countdown completed!
[2025-08-22T15:26:07.871Z] ⏳ Waiting 3818ms...
[2025-08-22T15:26:11.691Z] 📥 Looking for final download link...
[2025-08-22T15:26:11.724Z] 🎯 Found download link: https://s2.welib-public.org/hs6/libgenrs_nonfictio...
[2025-08-22T15:26:11.726Z] ⚠️ Could not set download path, will handle dialog manually
[2025-08-22T15:26:11.727Z] 🎯 About to click: final download link
[2025-08-22T15:26:11.733Z] ⏳ Waiting 1010ms...
[2025-08-22T15:26:12.912Z] ⏳ Waiting 435ms...
[2025-08-22T15:26:13.379Z] ⏳ Waiting 419ms...
[2025-08-22T15:26:13.904Z] ✅ Clicked: final download link
[2025-08-22T15:26:13.904Z] ⏳ Waiting for download dialog...
[2025-08-22T15:26:13.904Z] ⏳ Waiting 4037ms...
[2025-08-22T15:26:17.945Z] 🍎 Attempting to handle macOS download dialog...
[2025-08-22T15:26:17.950Z] ⏳ Waiting 3472ms...
[2025-08-22T15:26:21.424Z] ⌨️ Trying Enter key...
[2025-08-22T15:26:21.531Z] ⏳ Waiting 1680ms...
[2025-08-22T15:26:23.212Z] ⌨️ Trying NumpadEnter key...
[2025-08-22T15:26:23.281Z] ⏳ Waiting 1087ms...
[2025-08-22T15:26:24.370Z] ⌨️ Trying Cmd+S...
[2025-08-22T15:26:24.376Z] ⏳ Waiting 1568ms...
[2025-08-22T15:26:25.946Z] ⌨️ Trying Space bar...
[2025-08-22T15:26:25.948Z] ⏳ Waiting 1597ms...
[2025-08-22T15:26:27.547Z] ⌨️ Trying Tab + Enter...
[2025-08-22T15:26:27.554Z] ⏳ Waiting 966ms...
[2025-08-22T15:26:28.525Z] ✅ Attempted all download dialog shortcuts
[2025-08-22T15:26:28.525Z] ⏳ Waiting 6329ms...
[2025-08-22T15:26:34.858Z] 📥 Downloading file: How to Talk to Anyone : 92 Little Tricks for Big Success in Relationships
[2025-08-22T15:26:34.863Z] 🔗 URL: https://s2.welib-public.org/hs6/libgenrs_nonfiction/206000/61c7c30acd58a02602557...
[2025-08-22T15:26:34.867Z] 💾 Saving to: How to Talk to Anyone 92 Little Tricks for Big Success in Relationships_1755876394865.pdf
[2025-08-22T15:26:36.923Z] ✅ Downloaded successfully: How to Talk to Anyone 92 Little Tricks for Big Success in Relationships_1755876394865.pdf (6.16 MB)
[2025-08-22T15:26:36.923Z] ✅ Marked as downloaded: How to Talk to Anyone : 92 Little Tricks for Big Success in Relationships
[2025-08-22T15:26:36.924Z] 💾 Saved download history: 6 books
[2025-08-22T15:26:36.924Z] ✅ Book 2 completed successfully
[2025-08-22T15:26:36.924Z] 🛡️ Checking for Brave popups...
[2025-08-22T15:26:36.938Z] 🎯 Found Brave popup: [role="dialog"]
[2025-08-22T15:26:37.129Z] 🔒 Browser closed
